Build started 11/18/2014 11:37:02 AM.
     1>Project "Z:\CS273-Data Structure\FinalProject\ER_Simulator_V2\ER_Simulator_V2\ER_Simulator_V2.vcxproj" on node 2 (Build target(s)).
     1>ClCompile:
         C:\Program Files (x86)\Microsoft Visual Studio 12.0\VC\bin\CL.exe /c /ZI /nologo /W3 /WX- /Od /Oy- /D WIN32 /D _DEBUG /D _CONSOLE /D _LIB /D _UNICODE /D UNICODE /Gm /EHsc /RTC1 /MDd /GS /fp:precise /Zc:wchar_t /Zc:forScope /Fo"Debug\\" /Fd"Debug\vc120.pdb" /Gd /TP /analyze- /errorReport:prompt ER_Simulator.cpp
         ER_Simulator.cpp
     1>z:\cs273-data structure\finalproject\er_simulator_v2\er_simulator_v2\simulator.h(117): warning C4258: 'it' : definition from the for loop is ignored; the definition from the enclosing scope is used
                 z:\cs273-data structure\finalproject\er_simulator_v2\er_simulator_v2\simulator.h(108) : definition of 'it' ignored
                 z:\cs273-data structure\finalproject\er_simulator_v2\er_simulator_v2\simulator.h(23) : definition of 'Simulator::it' used
     1>z:\cs273-data structure\finalproject\er_simulator_v2\er_simulator_v2\simulator.h(119): warning C4258: 'it' : definition from the for loop is ignored; the definition from the enclosing scope is used
                 z:\cs273-data structure\finalproject\er_simulator_v2\er_simulator_v2\simulator.h(108) : definition of 'it' ignored
                 z:\cs273-data structure\finalproject\er_simulator_v2\er_simulator_v2\simulator.h(23) : definition of 'Simulator::it' used
     1>z:\cs273-data structure\finalproject\er_simulator_v2\er_simulator_v2\simulator.h(121): warning C4258: 'it' : definition from the for loop is ignored; the definition from the enclosing scope is used
                 z:\cs273-data structure\finalproject\er_simulator_v2\er_simulator_v2\simulator.h(108) : definition of 'it' ignored
                 z:\cs273-data structure\finalproject\er_simulator_v2\er_simulator_v2\simulator.h(23) : definition of 'Simulator::it' used
     1>z:\cs273-data structure\finalproject\er_simulator_v2\er_simulator_v2\simulator.h(122): warning C4258: 'it' : definition from the for loop is ignored; the definition from the enclosing scope is used
                 z:\cs273-data structure\finalproject\er_simulator_v2\er_simulator_v2\simulator.h(108) : definition of 'it' ignored
                 z:\cs273-data structure\finalproject\er_simulator_v2\er_simulator_v2\simulator.h(23) : definition of 'Simulator::it' used
     1>z:\cs273-data structure\finalproject\er_simulator_v2\er_simulator_v2\simulator.h(124): warning C4018: '<' : signed/unsigned mismatch
     1>z:\cs273-data structure\finalproject\er_simulator_v2\er_simulator_v2\simulator.h(129): warning C4018: '<' : signed/unsigned mismatch
     1>z:\cs273-data structure\finalproject\er_simulator_v2\er_simulator_v2\simulator.h(134): warning C4018: '<' : signed/unsigned mismatch
     1>z:\cs273-data structure\finalproject\er_simulator_v2\er_simulator_v2\er_simulator.cpp(9): warning C4244: 'argument' : conversion from 'time_t' to 'unsigned int', possible loss of data
       Link:
         C:\Program Files (x86)\Microsoft Visual Studio 12.0\VC\bin\link.exe /ERRORREPORT:PROMPT /OUT:"Z:\CS273-Data Structure\FinalProject\ER_Simulator_V2\Debug\ER_Simulator_V2.exe" /INCREMENTAL /NOLOGO kernel32.lib user32.lib gdi32.lib winspool.lib comdlg32.lib advapi32.lib shell32.lib ole32.lib oleaut32.lib uuid.lib odbc32.lib odbccp32.lib /MANIFEST /MANIFESTUAC:"level='asInvoker' uiAccess='false'" /manifest:embed /DEBUG /PDB:"Z:\CS273-Data Structure\FinalProject\ER_Simulator_V2\Debug\ER_Simulator_V2.pdb" /SUBSYSTEM:CONSOLE /TLBID:1 /DYNAMICBASE /NXCOMPAT /IMPLIB:"Z:\CS273-Data Structure\FinalProject\ER_Simulator_V2\Debug\ER_Simulator_V2.lib" /MACHINE:X86 Debug\ER_Simulator.obj
         ER_Simulator_V2.vcxproj -> Z:\CS273-Data Structure\FinalProject\ER_Simulator_V2\Debug\ER_Simulator_V2.exe
     1>Done Building Project "Z:\CS273-Data Structure\FinalProject\ER_Simulator_V2\ER_Simulator_V2\ER_Simulator_V2.vcxproj" (Build target(s)).

Build succeeded.

Time Elapsed 00:00:02.78
